Command line invocation:
    /Applications/Xcode.app/Contents/Developer/usr/bin/xcodebuild -project PTPerformance.xcodeproj -scheme PTPerformance -destination "platform=iOS Simulator,name=iPhone 17 Pro" build

Resolve Package Graph


Resolved source packages:
  swift-concurrency-extras: https://github.com/pointfreeco/swift-concurrency-extras @ 1.3.2
  swift-http-types: https://github.com/apple/swift-http-types.git @ 1.5.1
  xctest-dynamic-overlay: https://github.com/pointfreeco/xctest-dynamic-overlay @ 1.8.0
  swift-clocks: https://github.com/pointfreeco/swift-clocks @ 1.0.6
  swift-asn1: https://github.com/apple/swift-asn1.git @ 1.5.1
  swift-crypto: https://github.com/apple/swift-crypto.git @ 4.2.0
  Supabase: https://github.com/supabase/supabase-swift.git @ 2.38.1

ComputePackagePrebuildTargetDependencyGraph

Prepare packages

CreateBuildRequest

SendProjectDescription

CreateBuildOperation

ComputeTargetDependencyGraph
note: Building targets in dependency order
note: Target dependency graph (23 targets)
    Target 'PTPerformance' in project 'PTPerformance'
        ➜ Explicit dependency on target 'Supabase' in project 'Supabase'
    Target 'Supabase' in project 'Supabase'
        ➜ Explicit dependency on target 'Supabase' in project 'Supabase'
        ➜ Explicit dependency on target 'Functions' in project 'Supabase'
        ➜ Explicit dependency on target 'PostgREST' in project 'Supabase'
        ➜ Explicit dependency on target 'Auth' in project 'Supabase'
        ➜ Explicit dependency on target 'Realtime' in project 'Supabase'
        ➜ Explicit dependency on target 'Storage' in project 'Supabase'
        ➜ Explicit dependency on target 'Helpers' in project 'Supabase'
        ➜ Explicit dependency on target 'ConcurrencyExtras' in project 'swift-concurrency-extras'
        ➜ Explicit dependency on target 'HTTPTypes' in project 'swift-http-types'
        ➜ Explicit dependency on target 'Clocks' in project 'swift-clocks'
        ➜ Explicit dependency on target 'XCTestDynamicOverlay' in project 'xctest-dynamic-overlay'
        ➜ Explicit dependency on target 'Crypto' in project 'swift-crypto'
        ➜ Explicit dependency on target 'IssueReporting' in project 'xctest-dynamic-overlay'
    Target 'Supabase' in project 'Supabase'
        ➜ Explicit dependency on target 'Helpers' in project 'Supabase'
        ➜ Explicit dependency on target 'Auth' in project 'Supabase'
        ➜ Explicit dependency on target 'Functions' in project 'Supabase'
        ➜ Explicit dependency on target 'PostgREST' in project 'Supabase'
        ➜ Explicit dependency on target 'Realtime' in project 'Supabase'
        ➜ Explicit dependency on target 'Storage' in project 'Supabase'
        ➜ Explicit dependency on target 'ConcurrencyExtras' in project 'swift-concurrency-extras'
        ➜ Explicit dependency on target 'HTTPTypes' in project 'swift-http-types'
        ➜ Explicit dependency on target 'Clocks' in project 'swift-clocks'
        ➜ Explicit dependency on target 'XCTestDynamicOverlay' in project 'xctest-dynamic-overlay'
        ➜ Explicit dependency on target 'Crypto' in project 'swift-crypto'
        ➜ Explicit dependency on target 'IssueReporting' in project 'xctest-dynamic-overlay'
    Target 'Storage' in project 'Supabase'
        ➜ Explicit dependency on target 'Helpers' in project 'Supabase'
        ➜ Explicit dependency on target 'ConcurrencyExtras' in project 'swift-concurrency-extras'
        ➜ Explicit dependency on target 'HTTPTypes' in project 'swift-http-types'
        ➜ Explicit dependency on target 'Clocks' in project 'swift-clocks'
        ➜ Explicit dependency on target 'XCTestDynamicOverlay' in project 'xctest-dynamic-overlay'
    Target 'Realtime' in project 'Supabase'
        ➜ Explicit dependency on target 'Helpers' in project 'Supabase'
        ➜ Explicit dependency on target 'ConcurrencyExtras' in project 'swift-concurrency-extras'
        ➜ Explicit dependency on target 'HTTPTypes' in project 'swift-http-types'
        ➜ Explicit dependency on target 'Clocks' in project 'swift-clocks'
        ➜ Explicit dependency on target 'XCTestDynamicOverlay' in project 'xctest-dynamic-overlay'
        ➜ Explicit dependency on target 'IssueReporting' in project 'xctest-dynamic-overlay'
    Target 'PostgREST' in project 'Supabase'
        ➜ Explicit dependency on target 'Helpers' in project 'Supabase'
        ➜ Explicit dependency on target 'ConcurrencyExtras' in project 'swift-concurrency-extras'
        ➜ Explicit dependency on target 'HTTPTypes' in project 'swift-http-types'
        ➜ Explicit dependency on target 'Clocks' in project 'swift-clocks'
        ➜ Explicit dependency on target 'XCTestDynamicOverlay' in project 'xctest-dynamic-overlay'
    Target 'Functions' in project 'Supabase'
        ➜ Explicit dependency on target 'Helpers' in project 'Supabase'
        ➜ Explicit dependency on target 'ConcurrencyExtras' in project 'swift-concurrency-extras'
        ➜ Explicit dependency on target 'HTTPTypes' in project 'swift-http-types'
        ➜ Explicit dependency on target 'Clocks' in project 'swift-clocks'
        ➜ Explicit dependency on target 'XCTestDynamicOverlay' in project 'xctest-dynamic-overlay'
    Target 'Auth' in project 'Supabase'
        ➜ Explicit dependency on target 'Helpers' in project 'Supabase'
        ➜ Explicit dependency on target 'ConcurrencyExtras' in project 'swift-concurrency-extras'
        ➜ Explicit dependency on target 'HTTPTypes' in project 'swift-http-types'
        ➜ Explicit dependency on target 'Clocks' in project 'swift-clocks'
        ➜ Explicit dependency on target 'XCTestDynamicOverlay' in project 'xctest-dynamic-overlay'
        ➜ Explicit dependency on target 'Crypto' in project 'swift-crypto'
    Target 'Crypto' in project 'swift-crypto'
        ➜ Explicit dependency on target 'Crypto' in project 'swift-crypto'
        ➜ Explicit dependency on target 'swift-crypto_Crypto' in project 'swift-crypto'
    Target 'Crypto' in project 'swift-crypto'
        ➜ Explicit dependency on target 'swift-crypto_Crypto' in project 'swift-crypto'
    Target 'swift-crypto_Crypto' in project 'swift-crypto' (no dependencies)
    Target 'Helpers' in project 'Supabase'
        ➜ Explicit dependency on target 'ConcurrencyExtras' in project 'swift-concurrency-extras'
        ➜ Explicit dependency on target 'HTTPTypes' in project 'swift-http-types'
        ➜ Explicit dependency on target 'Clocks' in project 'swift-clocks'
        ➜ Explicit dependency on target 'XCTestDynamicOverlay' in project 'xctest-dynamic-overlay'
    Target 'XCTestDynamicOverlay' in project 'xctest-dynamic-overlay'
        ➜ Explicit dependency on target 'XCTestDynamicOverlay' in project 'xctest-dynamic-overlay'
        ➜ Explicit dependency on target 'IssueReportingPackageSupport' in project 'xctest-dynamic-overlay'
        ➜ Explicit dependency on target 'IssueReporting' in project 'xctest-dynamic-overlay'
    Target 'XCTestDynamicOverlay' in project 'xctest-dynamic-overlay'
        ➜ Explicit dependency on target 'IssueReportingPackageSupport' in project 'xctest-dynamic-overlay'
        ➜ Explicit dependency on target 'IssueReporting' in project 'xctest-dynamic-overlay'
    Target 'Clocks' in project 'swift-clocks'
        ➜ Explicit dependency on target 'Clocks' in project 'swift-clocks'
        ➜ Explicit dependency on target 'ConcurrencyExtras' in project 'swift-concurrency-extras'
        ➜ Explicit dependency on target 'IssueReporting' in project 'xctest-dynamic-overlay'
    Target 'Clocks' in project 'swift-clocks'
        ➜ Explicit dependency on target 'ConcurrencyExtras' in project 'swift-concurrency-extras'
        ➜ Explicit dependency on target 'IssueReporting' in project 'xctest-dynamic-overlay'
    Target 'IssueReporting' in project 'xctest-dynamic-overlay'
        ➜ Explicit dependency on target 'IssueReporting' in project 'xctest-dynamic-overlay'
        ➜ Explicit dependency on target 'IssueReportingPackageSupport' in project 'xctest-dynamic-overlay'
    Target 'IssueReporting' in project 'xctest-dynamic-overlay'
        ➜ Explicit dependency on target 'IssueReportingPackageSupport' in project 'xctest-dynamic-overlay'
    Target 'IssueReportingPackageSupport' in project 'xctest-dynamic-overlay' (no dependencies)
    Target 'HTTPTypes' in project 'swift-http-types'
        ➜ Explicit dependency on target 'HTTPTypes' in project 'swift-http-types'
    Target 'HTTPTypes' in project 'swift-http-types' (no dependencies)
    Target 'ConcurrencyExtras' in project 'swift-concurrency-extras'
        ➜ Explicit dependency on target 'ConcurrencyExtras' in project 'swift-concurrency-extras'
    Target 'ConcurrencyExtras' in project 'swift-concurrency-extras' (no dependencies)

GatherProvisioningInputs

CreateBuildDescription

ExecuteExternalTool /Applications/Xcode.app/Contents/Developer/Toolchains/XcodeDefault.xctoolchain/usr/bin/swiftc --version

ExecuteExternalTool /Applications/Xcode.app/Contents/Developer/Toolchains/XcodeDefault.xctoolchain/usr/bin/clang -v -E -dM -isysroot /Applications/Xcode.app/Contents/Developer/Platforms/iPhoneSimulator.platform/Developer/SDKs/iPhoneSimulator26.1.sdk -x c -c /dev/null

ExecuteExternalTool /Applications/Xcode.app/Contents/Developer/usr/bin/ibtool --version --output-format xml1

ExecuteExternalTool /Applications/Xcode.app/Contents/Developer/usr/bin/actool --print-asset-tag-combinations --output-format xml1 /Users/expo/Code/expo/ios-app/PTPerformance/Assets.xcassets

ExecuteExternalTool /Applications/Xcode.app/Contents/Developer/usr/bin/actool --version --output-format xml1

ExecuteExternalTool /Applications/Xcode.app/Contents/Developer/Toolchains/XcodeDefault.xctoolchain/usr/bin/ld -version_details

ReadFileContents /Applications/Xcode.app/Contents/Developer/Toolchains/XcodeDefault.xctoolchain/usr/share/docc/features.json

Build description signature: 7d35a4be499e53a6d756ad940079fb34
Build description path: /Users/expo/Library/Developer/Xcode/DerivedData/PTPerformance-cosprcndkloofvfariqpidjzmdiv/Build/Intermediates.noindex/XCBuildData/7d35a4be499e53a6d756ad940079fb34.xcbuilddata
ClangStatCache /Applications/Xcode.app/Contents/Developer/Toolchains/XcodeDefault.xctoolchain/usr/bin/clang-stat-cache /Applications/Xcode.app/Contents/Developer/Platforms/iPhoneSimulator.platform/Developer/SDKs/iPhoneSimulator26.1.sdk /Users/expo/Library/Developer/Xcode/DerivedData/SDKStatCaches.noindex/iphonesimulator26.1-23B77-90cf18a4295e390e64c810bc6bd7acbc.sdkstatcache
    cd /Users/expo/Code/expo/ios-app/PTPerformance/PTPerformance.xcodeproj
    /Applications/Xcode.app/Contents/Developer/Toolchains/XcodeDefault.xctoolchain/usr/bin/clang-stat-cache /Applications/Xcode.app/Contents/Developer/Platforms/iPhoneSimulator.platform/Developer/SDKs/iPhoneSimulator26.1.sdk -o /Users/expo/Library/Developer/Xcode/DerivedData/SDKStatCaches.noindex/iphonesimulator26.1-23B77-90cf18a4295e390e64c810bc6bd7acbc.sdkstatcache

ProcessInfoPlistFile /Users/expo/Library/Developer/Xcode/DerivedData/PTPerformance-cosprcndkloofvfariqpidjzmdiv/Build/Products/Debug-iphonesimulator/swift-crypto_Crypto.bundle/Info.plist /Users/expo/Library/Developer/Xcode/DerivedData/PTPerformance-cosprcndkloofvfariqpidjzmdiv/Build/Intermediates.noindex/swift-crypto.build/Debug-iphonesimulator/swift-crypto_Crypto.build/empty-swift-crypto_Crypto.plist (in target 'swift-crypto_Crypto' from project 'swift-crypto')
    cd /Users/expo/Library/Developer/Xcode/DerivedData/PTPerformance-cosprcndkloofvfariqpidjzmdiv/SourcePackages/checkouts/swift-crypto
    builtin-infoPlistUtility /Users/expo/Library/Developer/Xcode/DerivedData/PTPerformance-cosprcndkloofvfariqpidjzmdiv/Build/Intermediates.noindex/swift-crypto.build/Debug-iphonesimulator/swift-crypto_Crypto.build/empty-swift-crypto_Crypto.plist -producttype com.apple.product-type.bundle -expandbuildsettings -format binary -platform iphonesimulator -o /Users/expo/Library/Developer/Xcode/DerivedData/PTPerformance-cosprcndkloofvfariqpidjzmdiv/Build/Products/Debug-iphonesimulator/swift-crypto_Crypto.bundle/Info.plist

WriteAuxiliaryFile /Users/expo/Library/Developer/Xcode/DerivedData/PTPerformance-cosprcndkloofvfariqpidjzmdiv/Build/Intermediates.noindex/PTPerformance.build/Debug-iphonesimulator/PTPerformance.build/Objects-normal/arm64/PTPerformance.SwiftConstValuesFileList (in target 'PTPerformance' from project 'PTPerformance')
    cd /Users/expo/Code/expo/ios-app/PTPerformance
    write-file /Users/expo/Library/Developer/Xcode/DerivedData/PTPerformance-cosprcndkloofvfariqpidjzmdiv/Build/Intermediates.noindex/PTPerformance.build/Debug-iphonesimulator/PTPerformance.build/Objects-normal/arm64/PTPerformance.SwiftConstValuesFileList

WriteAuxiliaryFile /Users/expo/Library/Developer/Xcode/DerivedData/PTPerformance-cosprcndkloofvfariqpidjzmdiv/Build/Intermediates.noindex/PTPerformance.build/Debug-iphonesimulator/PTPerformance.build/Objects-normal/arm64/PTPerformance.SwiftFileList (in target 'PTPerformance' from project 'PTPerformance')
    cd /Users/expo/Code/expo/ios-app/PTPerformance
    write-file /Users/expo/Library/Developer/Xcode/DerivedData/PTPerformance-cosprcndkloofvfariqpidjzmdiv/Build/Intermediates.noindex/PTPerformance.build/Debug-iphonesimulator/PTPerformance.build/Objects-normal/arm64/PTPerformance.SwiftFileList

WriteAuxiliaryFile /Users/expo/Library/Developer/Xcode/DerivedData/PTPerformance-cosprcndkloofvfariqpidjzmdiv/Build/Intermediates.noindex/PTPerformance.build/Debug-iphonesimulator/PTPerformance.build/Objects-normal/arm64/PTPerformance.LinkFileList (in target 'PTPerformance' from project 'PTPerformance')
    cd /Users/expo/Code/expo/ios-app/PTPerformance
    write-file /Users/expo/Library/Developer/Xcode/DerivedData/PTPerformance-cosprcndkloofvfariqpidjzmdiv/Build/Intermediates.noindex/PTPerformance.build/Debug-iphonesimulator/PTPerformance.build/Objects-normal/arm64/PTPerformance.LinkFileList

WriteAuxiliaryFile /Users/expo/Library/Developer/Xcode/DerivedData/PTPerformance-cosprcndkloofvfariqpidjzmdiv/Build/Intermediates.noindex/PTPerformance.build/Debug-iphonesimulator/PTPerformance.build/Objects-normal/arm64/PTPerformance-OutputFileMap.json (in target 'PTPerformance' from project 'PTPerformance')
    cd /Users/expo/Code/expo/ios-app/PTPerformance
    write-file /Users/expo/Library/Developer/Xcode/DerivedData/PTPerformance-cosprcndkloofvfariqpidjzmdiv/Build/Intermediates.noindex/PTPerformance.build/Debug-iphonesimulator/PTPerformance.build/Objects-normal/arm64/PTPerformance-OutputFileMap.json

SwiftDriver Supabase normal arm64 com.apple.xcode.tools.swift.compiler (in target 'Supabase' from project 'Supabase')
    cd /Users/expo/Code/expo/ios-app/PTPerformance/PTPerformance.xcodeproj
    builtin-SwiftDriver -- /Applications/Xcode.app/Contents/Developer/Toolchains/XcodeDefault.xctoolchain/usr/bin/swiftc -module-name Supabase -Onone -enforce-exclusivity\=checked @/Users/expo/Library/Developer/Xcode/DerivedData/PTPerformance-cosprcndkloofvfariqpidjzmdiv/Build/Intermediates.noindex/Supabase.build/Debug-iphonesimulator/Supabase.build/Objects-normal/arm64/Supabase.SwiftFileList -DSWIFT_PACKAGE -DDEBUG -DSWIFT_MODULE_RESOURCE_BUNDLE_UNAVAILABLE -DXcode -enable-upcoming-feature ExistentialAny -enable-experimental-feature StrictConcurrency -plugin-path /Applications/Xcode.app/Contents/Developer/Toolchains/XcodeDefault.xctoolchain/usr/lib/swift/host/plugins/testing -enable-experimental-feature DebugDescriptionMacro -sdk /Applications/Xcode.app/Contents/Developer/Platforms/iPhoneSimulator.platform/Developer/SDKs/iPhoneSimulator26.1.sdk -target arm64-apple-ios13.0-simulator -g -module-cache-path /Users/expo/Library/Developer/Xcode/DerivedData/ModuleCache.noindex -Xfrontend -serialize-debugging-options -enable-testing -suppress-warnings -index-store-path /Users/expo/Library/Developer/Xcode/DerivedData/PTPerformance-cosprcndkloofvfariqpidjzmdiv/Index.noindex/DataStore -Xcc -D_LIBCPP_HARDENING_MODE\=_LIBCPP_HARDENING_MODE_DEBUG -swift-version 5 -I /Users/expo/Library/Developer/Xcode/DerivedData/PTPerformance-cosprcndkloofvfariqpidjzmdiv/Build/Products/Debug-iphonesimulator -Isystem /Applications/Xcode.app/Contents/Developer/Platforms/iPhoneSimulator.platform/Developer/usr/lib -F /Users/expo/Library/Developer/Xcode/DerivedData/PTPerformance-cosprcndkloofvfariqpidjzmdiv/Build/Products/Debug-iphonesimulator/PackageFrameworks -F /Users/expo/Library/Developer/Xcode/DerivedData/PTPerformance-cosprcndkloofvfariqpidjzmdiv/Build/Products/Debug-iphonesimulator/PackageFrameworks -F /Users/expo/Library/Developer/Xcode/DerivedData/PTPerformance-cosprcndkloofvfariqpidjzmdiv/Build/Products/Debug-iphonesimulator/PackageFrameworks -F /Users/expo/Library/Developer/Xcode/DerivedData/PTPerformance-cosprcndkloofvfariqpidjzmdiv/Build/Products/Debug-iphonesimulator/PackageFrameworks -F /Users/expo/Library/Developer/Xcode/DerivedData/PTPerformance-cosprcndkloofvfariqpidjzmdiv/Build/Products/Debug-iphonesimulator/PackageFrameworks -F /Users/expo/Library/Developer/Xcode/DerivedData/PTPerformance-cosprcndkloofvfariqpidjzmdiv/Build/Products/Debug-iphonesimulator/PackageFrameworks -F /Users/expo/Library/Developer/Xcode/DerivedData/PTPerformance-cosprcndkloofvfariqpidjzmdiv/Build/Products/Debug-iphonesimulator/PackageFrameworks -F /Users/expo/Library/Developer/Xcode/DerivedData/PTPerformance-cosprcndkloofvfariqpidjzmdiv/Build/Products/Debug-iphonesimulator/PackageFrameworks -F /Users/expo/Library/Developer/Xcode/DerivedData/PTPerformance-cosprcndkloofvfariqpidjzmdiv/Build/Products/Debug-iphonesimulator/PackageFrameworks -F /Users/expo/Library/Developer/Xcode/DerivedData/PTPerformance-cosprcndkloofvfariqpidjzmdiv/Build/Products/Debug-iphonesimulator/PackageFrameworks -F /Users/expo/Library/Developer/Xcode/DerivedData/PTPerformance-cosprcndkloofvfariqpidjzmdiv/Build/Products/Debug-iphonesimulator/PackageFrameworks -F /Users/expo/Library/Developer/Xcode/DerivedData/PTPerformance-cosprcndkloofvfariqpidjzmdiv/Build/Products/Debug-iphonesimulator/PackageFrameworks -F /Users/expo/Library/Developer/Xcode/DerivedData/PTPerformance-cosprcndkloofvfariqpidjzmdiv/Build/Products/Debug-iphonesimulator/PackageFrameworks -F /Users/expo/Library/Developer/Xcode/DerivedData/PTPerformance-cosprcndkloofvfariqpidjzmdiv/Build/Products/Debug-iphonesimulator -F /Applications/Xcode.app/Contents/Developer/Platforms/iPhoneSimulator.platform/Developer/Library/Frameworks -F /Applications/Xcode.app/Contents/Developer/Platforms/iPhoneSimulator.platform/Developer/SDKs/iPhoneSimulator26.1.sdk/Developer/Library/Frameworks -c -j32 -enable-batch-mode -incremental -Xcc -ivfsstatcache -Xcc /Users/expo/Library/Developer/Xcode/DerivedData/SDKStatCaches.noindex/iphonesimulator26.1-23B77-90cf18a4295e390e64c810bc6bd7acbc.sdkstatcache -output-file-map /Users/expo/Library/Developer/Xcode/DerivedData/PTPerformance-cosprcndkloofvfariqpidjzmdiv/Build/Intermediates.noindex/Supabase.build/Debug-iphonesimulator/Supabase.build/Objects-normal/arm64/Supabase-OutputFileMap.json -use-frontend-parseable-output -save-temps -no-color-diagnostics -explicit-module-build -module-cache-path /Users/expo/Library/Developer/Xcode/DerivedData/PTPerformance-cosprcndkloofvfariqpidjzmdiv/Build/Intermediates.noindex/SwiftExplicitPrecompiledModules -clang-scanner-module-cache-path /Users/expo/Library/Developer/Xcode/DerivedData/ModuleCache.noindex -sdk-module-cache-path /Users/expo/Library/Developer/Xcode/DerivedData/ModuleCache.noindex -serialize-diagnostics -emit-dependencies -emit-module -emit-module-path /Users/expo/Library/Developer/Xcode/DerivedData/PTPerformance-cosprcndkloofvfariqpidjzmdiv/Build/Intermediates.noindex/Supabase.build/Debug-iphonesimulator/Supabase.build/Objects-normal/arm64/Supabase.swiftmodule -validate-clang-modules-once -clang-build-session-file /Users/expo/Library/Developer/Xcode/DerivedData/ModuleCache.noindex/Session.modulevalidation -package-name supabase_swift -Xcc -I/Users/expo/Library/Developer/Xcode/DerivedData/PTPerformance-cosprcndkloofvfariqpidjzmdiv/Build/Intermediates.noindex/Supabase.build/Debug-iphonesimulator/Supabase.build/swift-overrides.hmap -emit-const-values -Xfrontend -const-gather-protocols-file -Xfrontend /Users/expo/Library/Developer/Xcode/DerivedData/PTPerformance-cosprcndkloofvfariqpidjzmdiv/Build/Intermediates.noindex/Supabase.build/Debug-iphonesimulator/Supabase.build/Objects-normal/arm64/Supabase_const_extract_protocols.json -Xcc -I/Users/expo/Library/Developer/Xcode/DerivedData/PTPerformance-cosprcndkloofvfariqpidjzmdiv/Build/Products/Debug-iphonesimulator/include -Xcc -I/Users/expo/Library/Developer/Xcode/DerivedData/PTPerformance-cosprcndkloofvfariqpidjzmdiv/Build/Intermediates.noindex/Supabase.build/Debug-iphonesimulator/Supabase.build/DerivedSources-normal/arm64 -Xcc -I/Users/expo/Library/Developer/Xcode/DerivedData/PTPerformance-cosprcndkloofvfariqpidjzmdiv/Build/Intermediates.noindex/Supabase.build/Debug-iphonesimulator/Supabase.build/DerivedSources/arm64 -Xcc -I/Users/expo/Library/Developer/Xcode/DerivedData/PTPerformance-cosprcndkloofvfariqpidjzmdiv/Build/Intermediates.noindex/Supabase.build/Debug-iphonesimulator/Supabase.build/DerivedSources -Xcc -DSWIFT_PACKAGE -Xcc -DDEBUG\=1 -emit-objc-header -emit-objc-header-path /Users/expo/Library/Developer/Xcode/DerivedData/PTPerformance-cosprcndkloofvfariqpidjzmdiv/Build/Intermediates.noindex/Supabase.build/Debug-iphonesimulator/Supabase.build/Objects-normal/arm64/Supabase-Swift.h -working-directory /Users/expo/Code/expo/ios-app/PTPerformance/PTPerformance.xcodeproj -experimental-emit-module-separately -disable-cmo

SwiftDriver Auth normal arm64 com.apple.xcode.tools.swift.compiler (in target 'Auth' from project 'Supabase')
    cd /Users/expo/Code/expo/ios-app/PTPerformance/PTPerformance.xcodeproj
    builtin-SwiftDriver -- /Applications/Xcode.app/Contents/Developer/Toolchains/XcodeDefault.xctoolchain/usr/bin/swiftc -module-name Auth -Onone -enforce-exclusivity\=checked @/Users/expo/Library/Developer/Xcode/DerivedData/PTPerformance-cosprcndkloofvfariqpidjzmdiv/Build/Intermediates.noindex/Supabase.build/Debug-iphonesimulator/Auth.build/Objects-normal/arm64/Auth.SwiftFileList -DSWIFT_PACKAGE -DDEBUG -DSWIFT_MODULE_RESOURCE_BUNDLE_UNAVAILABLE -DXcode -enable-upcoming-feature ExistentialAny -enable-experimental-feature StrictConcurrency -plugin-path /Applications/Xcode.app/Contents/Developer/Toolchains/XcodeDefault.xctoolchain/usr/lib/swift/host/plugins/testing -enable-experimental-feature DebugDescriptionMacro -sdk /Applications/Xcode.app/Contents/Developer/Platforms/iPhoneSimulator.platform/Developer/SDKs/iPhoneSimulator26.1.sdk -target arm64-apple-ios13.0-simulator -g -module-cache-path /Users/expo/Library/Developer/Xcode/DerivedData/ModuleCache.noindex -Xfrontend -serialize-debugging-options -enable-testing -suppress-warnings -index-store-path /Users/expo/Library/Developer/Xcode/DerivedData/PTPerformance-cosprcndkloofvfariqpidjzmdiv/Index.noindex/DataStore -Xcc -D_LIBCPP_HARDENING_MODE\=_LIBCPP_HARDENING_MODE_DEBUG -swift-version 5 -I /Users/expo/Library/Developer/Xcode/DerivedData/PTPerformance-cosprcndkloofvfariqpidjzmdiv/Build/Products/Debug-iphonesimulator -Isystem /Applications/Xcode.app/Contents/Developer/Platforms/iPhoneSimulator.platform/Developer/usr/lib -F /Users/expo/Library/Developer/Xcode/DerivedData/PTPerformance-cosprcndkloofvfariqpidjzmdiv/Build/Products/Debug-iphonesimulator/PackageFrameworks -F /Users/expo/Library/Developer/Xcode/DerivedData/PTPerformance-cosprcndkloofvfariqpidjzmdiv/Build/Products/Debug-iphonesimulator/PackageFrameworks -F /Users/expo/Library/Developer/Xcode/DerivedData/PTPerformance-cosprcndkloofvfariqpidjzmdiv/Build/Products/Debug-iphonesimulator/PackageFrameworks -F /Users/expo/Library/Developer/Xcode/DerivedData/PTPerformance-cosprcndkloofvfariqpidjzmdiv/Build/Products/Debug-iphonesimulator/PackageFrameworks -F /Users/expo/Library/Developer/Xcode/DerivedData/PTPerformance-cosprcndkloofvfariqpidjzmdiv/Build/Products/Debug-iphonesimulator/PackageFrameworks -F /Users/expo/Library/Developer/Xcode/DerivedData/PTPerformance-cosprcndkloofvfariqpidjzmdiv/Build/Products/Debug-iphonesimulator/PackageFrameworks -F /Users/expo/Library/Developer/Xcode/DerivedData/PTPerformance-cosprcndkloofvfariqpidjzmdiv/Build/Products/Debug-iphonesimulator/PackageFrameworks -F /Users/expo/Library/Developer/Xcode/DerivedData/PTPerformance-cosprcndkloofvfariqpidjzmdiv/Build/Products/Debug-iphonesimulator/PackageFrameworks -F /Users/expo/Library/Developer/Xcode/DerivedData/PTPerformance-cosprcndkloofvfariqpidjzmdiv/Build/Products/Debug-iphonesimulator -F /Applications/Xcode.app/Contents/Developer/Platforms/iPhoneSimulator.platform/Developer/Library/Frameworks -F /Applications/Xcode.app/Contents/Developer/Platforms/iPhoneSimulator.platform/Developer/SDKs/iPhoneSimulator26.1.sdk/Developer/Library/Frameworks -c -j32 -enable-batch-mode -incremental -Xcc -ivfsstatcache -Xcc /Users/expo/Library/Developer/Xcode/DerivedData/SDKStatCaches.noindex/iphonesimulator26.1-23B77-90cf18a4295e390e64c810bc6bd7acbc.sdkstatcache -output-file-map /Users/expo/Library/Developer/Xcode/DerivedData/PTPerformance-cosprcndkloofvfariqpidjzmdiv/Build/Intermediates.noindex/Supabase.build/Debug-iphonesimulator/Auth.build/Objects-normal/arm64/Auth-OutputFileMap.json -use-frontend-parseable-output -save-temps -no-color-diagnostics -explicit-module-build -module-cache-path /Users/expo/Library/Developer/Xcode/DerivedData/PTPerformance-cosprcndkloofvfariqpidjzmdiv/Build/Intermediates.noindex/SwiftExplicitPrecompiledModules -clang-scanner-module-cache-path /Users/expo/Library/Developer/Xcode/DerivedData/ModuleCache.noindex -sdk-module-cache-path /Users/expo/Library/Developer/Xcode/DerivedData/ModuleCache.noindex -serialize-diagnostics -emit-dependencies -emit-module -emit-module-path /Users/expo/Library/Developer/Xcode/DerivedData/PTPerformance-cosprcndkloofvfariqpidjzmdiv/Build/Intermediates.noindex/Supabase.build/Debug-iphonesimulator/Auth.build/Objects-normal/arm64/Auth.swiftmodule -validate-clang-modules-once -clang-build-session-file /Users/expo/Library/Developer/Xcode/DerivedData/ModuleCache.noindex/Session.modulevalidation -package-name supabase_swift -Xcc -I/Users/expo/Library/Developer/Xcode/DerivedData/PTPerformance-cosprcndkloofvfariqpidjzmdiv/Build/Intermediates.noindex/Supabase.build/Debug-iphonesimulator/Auth.build/swift-overrides.hmap -emit-const-values -Xfrontend -const-gather-protocols-file -Xfrontend /Users/expo/Library/Developer/Xcode/DerivedData/PTPerformance-cosprcndkloofvfariqpidjzmdiv/Build/Intermediates.noindex/Supabase.build/Debug-iphonesimulator/Auth.build/Objects-normal/arm64/Auth_const_extract_protocols.json -Xcc -I/Users/expo/Library/Developer/Xcode/DerivedData/PTPerformance-cosprcndkloofvfariqpidjzmdiv/Build/Products/Debug-iphonesimulator/include -Xcc -I/Users/expo/Library/Developer/Xcode/DerivedData/PTPerformance-cosprcndkloofvfariqpidjzmdiv/Build/Intermediates.noindex/Supabase.build/Debug-iphonesimulator/Auth.build/DerivedSources-normal/arm64 -Xcc -I/Users/expo/Library/Developer/Xcode/DerivedData/PTPerformance-cosprcndkloofvfariqpidjzmdiv/Build/Intermediates.noindex/Supabase.build/Debug-iphonesimulator/Auth.build/DerivedSources/arm64 -Xcc -I/Users/expo/Library/Developer/Xcode/DerivedData/PTPerformance-cosprcndkloofvfariqpidjzmdiv/Build/Intermediates.noindex/Supabase.build/Debug-iphonesimulator/Auth.build/DerivedSources -Xcc -DSWIFT_PACKAGE -Xcc -DDEBUG\=1 -emit-objc-header -emit-objc-header-path /Users/expo/Library/Developer/Xcode/DerivedData/PTPerformance-cosprcndkloofvfariqpidjzmdiv/Build/Intermediates.noindex/Supabase.build/Debug-iphonesimulator/Auth.build/Objects-normal/arm64/Auth-Swift.h -working-directory /Users/expo/Code/expo/ios-app/PTPerformance/PTPerformance.xcodeproj -experimental-emit-module-separately -disable-cmo

ProcessProductPackaging "" /Users/expo/Library/Developer/Xcode/DerivedData/PTPerformance-cosprcndkloofvfariqpidjzmdiv/Build/Intermediates.noindex/PTPerformance.build/Debug-iphonesimulator/PTPerformance.build/PTPerformance.app-Simulated.xcent (in target 'PTPerformance' from project 'PTPerformance')
    cd /Users/expo/Code/expo/ios-app/PTPerformance
    
    Entitlements:
    
    {
    "application-identifier" = "5NNLBL74XR.com.ptperformance.app";
}
    
    builtin-productPackagingUtility -entitlements -format xml -o /Users/expo/Library/Developer/Xcode/DerivedData/PTPerformance-cosprcndkloofvfariqpidjzmdiv/Build/Intermediates.noindex/PTPerformance.build/Debug-iphonesimulator/PTPerformance.build/PTPerformance.app-Simulated.xcent

ProcessProductPackagingDER /Users/expo/Library/Developer/Xcode/DerivedData/PTPerformance-cosprcndkloofvfariqpidjzmdiv/Build/Intermediates.noindex/PTPerformance.build/Debug-iphonesimulator/PTPerformance.build/PTPerformance.app-Simulated.xcent /Users/expo/Library/Developer/Xcode/DerivedData/PTPerformance-cosprcndkloofvfariqpidjzmdiv/Build/Intermediates.noindex/PTPerformance.build/Debug-iphonesimulator/PTPerformance.build/PTPerformance.app-Simulated.xcent.der (in target 'PTPerformance' from project 'PTPerformance')
    cd /Users/expo/Code/expo/ios-app/PTPerformance
    /usr/bin/derq query -f xml -i /Users/expo/Library/Developer/Xcode/DerivedData/PTPerformance-cosprcndkloofvfariqpidjzmdiv/Build/Intermediates.noindex/PTPerformance.build/Debug-iphonesimulator/PTPerformance.build/PTPerformance.app-Simulated.xcent -o /Users/expo/Library/Developer/Xcode/DerivedData/PTPerformance-cosprcndkloofvfariqpidjzmdiv/Build/Intermediates.noindex/PTPerformance.build/Debug-iphonesimulator/PTPerformance.build/PTPerformance.app-Simulated.xcent.der --raw

SwiftDriver\ Compilation PTPerformance normal arm64 com.apple.xcode.tools.swift.compiler (in target 'PTPerformance' from project 'PTPerformance')
    cd /Users/expo/Code/expo/ios-app/PTPerformance
    builtin-Swift-Compilation -- /Applications/Xcode.app/Contents/Developer/Toolchains/XcodeDefault.xctoolchain/usr/bin/swiftc -module-name PTPerformance -Onone -enforce-exclusivity\=checked @/Users/expo/Library/Developer/Xcode/DerivedData/PTPerformance-cosprcndkloofvfariqpidjzmdiv/Build/Intermediates.noindex/PTPerformance.build/Debug-iphonesimulator/PTPerformance.build/Objects-normal/arm64/PTPerformance.SwiftFileList -DDEBUG -enable-bare-slash-regex -enable-experimental-feature DebugDescriptionMacro -sdk /Applications/Xcode.app/Contents/Developer/Platforms/iPhoneSimulator.platform/Developer/SDKs/iPhoneSimulator26.1.sdk -target arm64-apple-ios17.0-simulator -g -module-cache-path /Users/expo/Library/Developer/Xcode/DerivedData/ModuleCache.noindex -Xfrontend -serialize-debugging-options -enable-testing -index-store-path /Users/expo/Library/Developer/Xcode/DerivedData/PTPerformance-cosprcndkloofvfariqpidjzmdiv/Index.noindex/DataStore -Xcc -D_LIBCPP_HARDENING_MODE\=_LIBCPP_HARDENING_MODE_DEBUG -swift-version 5 -I /Users/expo/Library/Developer/Xcode/DerivedData/PTPerformance-cosprcndkloofvfariqpidjzmdiv/Build/Products/Debug-iphonesimulator -F /Users/expo/Library/Developer/Xcode/DerivedData/PTPerformance-cosprcndkloofvfariqpidjzmdiv/Build/Products/Debug-iphonesimulator/PackageFrameworks -F /Users/expo/Library/Developer/Xcode/DerivedData/PTPerformance-cosprcndkloofvfariqpidjzmdiv/Build/Products/Debug-iphonesimulator/PackageFrameworks -F /Users/expo/Library/Developer/Xcode/DerivedData/PTPerformance-cosprcndkloofvfariqpidjzmdiv/Build/Products/Debug-iphonesimulator/PackageFrameworks -F /Users/expo/Library/Developer/Xcode/DerivedData/PTPerformance-cosprcndkloofvfariqpidjzmdiv/Build/Products/Debug-iphonesimulator/PackageFrameworks -F /Users/expo/Library/Developer/Xcode/DerivedData/PTPerformance-cosprcndkloofvfariqpidjzmdiv/Build/Products/Debug-iphonesimulator/PackageFrameworks -F /Users/expo/Library/Developer/Xcode/DerivedData/PTPerformance-cosprcndkloofvfariqpidjzmdiv/Build/Products/Debug-iphonesimulator/PackageFrameworks -F /Users/expo/Library/Developer/Xcode/DerivedData/PTPerformance-cosprcndkloofvfariqpidjzmdiv/Build/Products/Debug-iphonesimulator/PackageFrameworks -F /Users/expo/Library/Developer/Xcode/DerivedData/PTPerformance-cosprcndkloofvfariqpidjzmdiv/Build/Products/Debug-iphonesimulator/PackageFrameworks -F /Users/expo/Library/Developer/Xcode/DerivedData/PTPerformance-cosprcndkloofvfariqpidjzmdiv/Build/Products/Debug-iphonesimulator/PackageFrameworks -F /Users/expo/Library/Developer/Xcode/DerivedData/PTPerformance-cosprcndkloofvfariqpidjzmdiv/Build/Products/Debug-iphonesimulator/PackageFrameworks -F /Users/expo/Library/Developer/Xcode/DerivedData/PTPerformance-cosprcndkloofvfariqpidjzmdiv/Build/Products/Debug-iphonesimulator/PackageFrameworks -F /Users/expo/Library/Developer/Xcode/DerivedData/PTPerformance-cosprcndkloofvfariqpidjzmdiv/Build/Products/Debug-iphonesimulator/PackageFrameworks -F /Users/expo/Library/Developer/Xcode/DerivedData/PTPerformance-cosprcndkloofvfariqpidjzmdiv/Build/Products/Debug-iphonesimulator/PackageFrameworks -F /Users/expo/Library/Developer/Xcode/DerivedData/PTPerformance-cosprcndkloofvfariqpidjzmdiv/Build/Products/Debug-iphonesimulator/PackageFrameworks -F /Users/expo/Library/Developer/Xcode/DerivedData/PTPerformance-cosprcndkloofvfariqpidjzmdiv/Build/Products/Debug-iphonesimulator -c -j32 -enable-batch-mode -incremental -Xcc -ivfsstatcache -Xcc /Users/expo/Library/Developer/Xcode/DerivedData/SDKStatCaches.noindex/iphonesimulator26.1-23B77-90cf18a4295e390e64c810bc6bd7acbc.sdkstatcache -output-file-map /Users/expo/Library/Developer/Xcode/DerivedData/PTPerformance-cosprcndkloofvfariqpidjzmdiv/Build/Intermediates.noindex/PTPerformance.build/Debug-iphonesimulator/PTPerformance.build/Objects-normal/arm64/PTPerformance-OutputFileMap.json -use-frontend-parseable-output -save-temps -no-color-diagnostics -explicit-module-build -module-cache-path /Users/expo/Library/Developer/Xcode/DerivedData/PTPerformance-cosprcndkloofvfariqpidjzmdiv/Build/Intermediates.noindex/SwiftExplicitPrecompiledModules -clang-scanner-module-cache-path /Users/expo/Library/Developer/Xcode/DerivedData/ModuleCache.noindex -sdk-module-cache-path /Users/expo/Library/Developer/Xcode/DerivedData/ModuleCache.noindex -serialize-diagnostics -emit-dependencies -emit-module -emit-module-path /Users/expo/Library/Developer/Xcode/DerivedData/PTPerformance-cosprcndkloofvfariqpidjzmdiv/Build/Intermediates.noindex/PTPerformance.build/Debug-iphonesimulator/PTPerformance.build/Objects-normal/arm64/PTPerformance.swiftmodule -validate-clang-modules-once -clang-build-session-file /Users/expo/Library/Developer/Xcode/DerivedData/ModuleCache.noindex/Session.modulevalidation -Xcc -I/Users/expo/Library/Developer/Xcode/DerivedData/PTPerformance-cosprcndkloofvfariqpidjzmdiv/Build/Intermediates.noindex/PTPerformance.build/Debug-iphonesimulator/PTPerformance.build/swift-overrides.hmap -emit-const-values -Xfrontend -const-gather-protocols-file -Xfrontend /Users/expo/Library/Developer/Xcode/DerivedData/PTPerformance-cosprcndkloofvfariqpidjzmdiv/Build/Intermediates.noindex/PTPerformance.build/Debug-iphonesimulator/PTPerformance.build/Objects-normal/arm64/PTPerformance_const_extract_protocols.json -Xcc -iquote -Xcc /Users/expo/Library/Developer/Xcode/DerivedData/PTPerformance-cosprcndkloofvfariqpidjzmdiv/Build/Intermediates.noindex/PTPerformance.build/Debug-iphonesimulator/PTPerformance.build/PTPerformance-generated-files.hmap -Xcc -I/Users/expo/Library/Developer/Xcode/DerivedData/PTPerformance-cosprcndkloofvfariqpidjzmdiv/Build/Intermediates.noindex/PTPerformance.build/Debug-iphonesimulator/PTPerformance.build/PTPerformance-own-target-headers.hmap -Xcc -I/Users/expo/Library/Developer/Xcode/DerivedData/PTPerformance-cosprcndkloofvfariqpidjzmdiv/Build/Intermediates.noindex/PTPerformance.build/Debug-iphonesimulator/PTPerformance.build/PTPerformance-all-non-framework-target-headers.hmap -Xcc -ivfsoverlay -Xcc /Users/expo/Library/Developer/Xcode/DerivedData/PTPerformance-cosprcndkloofvfariqpidjzmdiv/Build/Intermediates.noindex/PTPerformance.build/Debug-iphonesimulator/PTPerformance-f60d3a462ada4e41f6f94ab9498e36ce-VFS-iphonesimulator/all-product-headers.yaml -Xcc -iquote -Xcc /Users/expo/Library/Developer/Xcode/DerivedData/PTPerformance-cosprcndkloofvfariqpidjzmdiv/Build/Intermediates.noindex/PTPerformance.build/Debug-iphonesimulator/PTPerformance.build/PTPerformance-project-headers.hmap -Xcc -I/Users/expo/Library/Developer/Xcode/DerivedData/PTPerformance-cosprcndkloofvfariqpidjzmdiv/Build/Products/Debug-iphonesimulator/include -Xcc -I/Users/expo/Library/Developer/Xcode/DerivedData/PTPerformance-cosprcndkloofvfariqpidjzmdiv/Build/Intermediates.noindex/PTPerformance.build/Debug-iphonesimulator/PTPerformance.build/DerivedSources-normal/arm64 -Xcc -I/Users/expo/Library/Developer/Xcode/DerivedData/PTPerformance-cosprcndkloofvfariqpidjzmdiv/Build/Intermediates.noindex/PTPerformance.build/Debug-iphonesimulator/PTPerformance.build/DerivedSources/arm64 -Xcc -I/Users/expo/Library/Developer/Xcode/DerivedData/PTPerformance-cosprcndkloofvfariqpidjzmdiv/Build/Intermediates.noindex/PTPerformance.build/Debug-iphonesimulator/PTPerformance.build/DerivedSources -Xcc -DDEBUG\=1 -emit-objc-header -emit-objc-header-path /Users/expo/Library/Developer/Xcode/DerivedData/PTPerformance-cosprcndkloofvfariqpidjzmdiv/Build/Intermediates.noindex/PTPerformance.build/Debug-iphonesimulator/PTPerformance.build/Objects-normal/arm64/PTPerformance-Swift.h -working-directory /Users/expo/Code/expo/ios-app/PTPerformance -experimental-emit-module-separately -disable-cmo
error: Build input file cannot be found: '/Users/expo/Code/expo/ios-app/PTPerformance/PTPerformance/Services/ReminderService.swift'. Did you forget to declare this file as an output of a script phase or custom build rule which produces it? (in target 'PTPerformance' from project 'PTPerformance')

SwiftDriver\ Compilation\ Requirements PTPerformance normal arm64 com.apple.xcode.tools.swift.compiler (in target 'PTPerformance' from project 'PTPerformance')
    cd /Users/expo/Code/expo/ios-app/PTPerformance
    builtin-Swift-Compilation-Requirements -- /Applications/Xcode.app/Contents/Developer/Toolchains/XcodeDefault.xctoolchain/usr/bin/swiftc -module-name PTPerformance -Onone -enforce-exclusivity\=checked @/Users/expo/Library/Developer/Xcode/DerivedData/PTPerformance-cosprcndkloofvfariqpidjzmdiv/Build/Intermediates.noindex/PTPerformance.build/Debug-iphonesimulator/PTPerformance.build/Objects-normal/arm64/PTPerformance.SwiftFileList -DDEBUG -enable-bare-slash-regex -enable-experimental-feature DebugDescriptionMacro -sdk /Applications/Xcode.app/Contents/Developer/Platforms/iPhoneSimulator.platform/Developer/SDKs/iPhoneSimulator26.1.sdk -target arm64-apple-ios17.0-simulator -g -module-cache-path /Users/expo/Library/Developer/Xcode/DerivedData/ModuleCache.noindex -Xfrontend -serialize-debugging-options -enable-testing -index-store-path /Users/expo/Library/Developer/Xcode/DerivedData/PTPerformance-cosprcndkloofvfariqpidjzmdiv/Index.noindex/DataStore -Xcc -D_LIBCPP_HARDENING_MODE\=_LIBCPP_HARDENING_MODE_DEBUG -swift-version 5 -I /Users/expo/Library/Developer/Xcode/DerivedData/PTPerformance-cosprcndkloofvfariqpidjzmdiv/Build/Products/Debug-iphonesimulator -F /Users/expo/Library/Developer/Xcode/DerivedData/PTPerformance-cosprcndkloofvfariqpidjzmdiv/Build/Products/Debug-iphonesimulator/PackageFrameworks -F /Users/expo/Library/Developer/Xcode/DerivedData/PTPerformance-cosprcndkloofvfariqpidjzmdiv/Build/Products/Debug-iphonesimulator/PackageFrameworks -F /Users/expo/Library/Developer/Xcode/DerivedData/PTPerformance-cosprcndkloofvfariqpidjzmdiv/Build/Products/Debug-iphonesimulator/PackageFrameworks -F /Users/expo/Library/Developer/Xcode/DerivedData/PTPerformance-cosprcndkloofvfariqpidjzmdiv/Build/Products/Debug-iphonesimulator/PackageFrameworks -F /Users/expo/Library/Developer/Xcode/DerivedData/PTPerformance-cosprcndkloofvfariqpidjzmdiv/Build/Products/Debug-iphonesimulator/PackageFrameworks -F /Users/expo/Library/Developer/Xcode/DerivedData/PTPerformance-cosprcndkloofvfariqpidjzmdiv/Build/Products/Debug-iphonesimulator/PackageFrameworks -F /Users/expo/Library/Developer/Xcode/DerivedData/PTPerformance-cosprcndkloofvfariqpidjzmdiv/Build/Products/Debug-iphonesimulator/PackageFrameworks -F /Users/expo/Library/Developer/Xcode/DerivedData/PTPerformance-cosprcndkloofvfariqpidjzmdiv/Build/Products/Debug-iphonesimulator/PackageFrameworks -F /Users/expo/Library/Developer/Xcode/DerivedData/PTPerformance-cosprcndkloofvfariqpidjzmdiv/Build/Products/Debug-iphonesimulator/PackageFrameworks -F /Users/expo/Library/Developer/Xcode/DerivedData/PTPerformance-cosprcndkloofvfariqpidjzmdiv/Build/Products/Debug-iphonesimulator/PackageFrameworks -F /Users/expo/Library/Developer/Xcode/DerivedData/PTPerformance-cosprcndkloofvfariqpidjzmdiv/Build/Products/Debug-iphonesimulator/PackageFrameworks -F /Users/expo/Library/Developer/Xcode/DerivedData/PTPerformance-cosprcndkloofvfariqpidjzmdiv/Build/Products/Debug-iphonesimulator/PackageFrameworks -F /Users/expo/Library/Developer/Xcode/DerivedData/PTPerformance-cosprcndkloofvfariqpidjzmdiv/Build/Products/Debug-iphonesimulator/PackageFrameworks -F /Users/expo/Library/Developer/Xcode/DerivedData/PTPerformance-cosprcndkloofvfariqpidjzmdiv/Build/Products/Debug-iphonesimulator/PackageFrameworks -F /Users/expo/Library/Developer/Xcode/DerivedData/PTPerformance-cosprcndkloofvfariqpidjzmdiv/Build/Products/Debug-iphonesimulator -c -j32 -enable-batch-mode -incremental -Xcc -ivfsstatcache -Xcc /Users/expo/Library/Developer/Xcode/DerivedData/SDKStatCaches.noindex/iphonesimulator26.1-23B77-90cf18a4295e390e64c810bc6bd7acbc.sdkstatcache -output-file-map /Users/expo/Library/Developer/Xcode/DerivedData/PTPerformance-cosprcndkloofvfariqpidjzmdiv/Build/Intermediates.noindex/PTPerformance.build/Debug-iphonesimulator/PTPerformance.build/Objects-normal/arm64/PTPerformance-OutputFileMap.json -use-frontend-parseable-output -save-temps -no-color-diagnostics -explicit-module-build -module-cache-path /Users/expo/Library/Developer/Xcode/DerivedData/PTPerformance-cosprcndkloofvfariqpidjzmdiv/Build/Intermediates.noindex/SwiftExplicitPrecompiledModules -clang-scanner-module-cache-path /Users/expo/Library/Developer/Xcode/DerivedData/ModuleCache.noindex -sdk-module-cache-path /Users/expo/Library/Developer/Xcode/DerivedData/ModuleCache.noindex -serialize-diagnostics -emit-dependencies -emit-module -emit-module-path /Users/expo/Library/Developer/Xcode/DerivedData/PTPerformance-cosprcndkloofvfariqpidjzmdiv/Build/Intermediates.noindex/PTPerformance.build/Debug-iphonesimulator/PTPerformance.build/Objects-normal/arm64/PTPerformance.swiftmodule -validate-clang-modules-once -clang-build-session-file /Users/expo/Library/Developer/Xcode/DerivedData/ModuleCache.noindex/Session.modulevalidation -Xcc -I/Users/expo/Library/Developer/Xcode/DerivedData/PTPerformance-cosprcndkloofvfariqpidjzmdiv/Build/Intermediates.noindex/PTPerformance.build/Debug-iphonesimulator/PTPerformance.build/swift-overrides.hmap -emit-const-values -Xfrontend -const-gather-protocols-file -Xfrontend /Users/expo/Library/Developer/Xcode/DerivedData/PTPerformance-cosprcndkloofvfariqpidjzmdiv/Build/Intermediates.noindex/PTPerformance.build/Debug-iphonesimulator/PTPerformance.build/Objects-normal/arm64/PTPerformance_const_extract_protocols.json -Xcc -iquote -Xcc /Users/expo/Library/Developer/Xcode/DerivedData/PTPerformance-cosprcndkloofvfariqpidjzmdiv/Build/Intermediates.noindex/PTPerformance.build/Debug-iphonesimulator/PTPerformance.build/PTPerformance-generated-files.hmap -Xcc -I/Users/expo/Library/Developer/Xcode/DerivedData/PTPerformance-cosprcndkloofvfariqpidjzmdiv/Build/Intermediates.noindex/PTPerformance.build/Debug-iphonesimulator/PTPerformance.build/PTPerformance-own-target-headers.hmap -Xcc -I/Users/expo/Library/Developer/Xcode/DerivedData/PTPerformance-cosprcndkloofvfariqpidjzmdiv/Build/Intermediates.noindex/PTPerformance.build/Debug-iphonesimulator/PTPerformance.build/PTPerformance-all-non-framework-target-headers.hmap -Xcc -ivfsoverlay -Xcc /Users/expo/Library/Developer/Xcode/DerivedData/PTPerformance-cosprcndkloofvfariqpidjzmdiv/Build/Intermediates.noindex/PTPerformance.build/Debug-iphonesimulator/PTPerformance-f60d3a462ada4e41f6f94ab9498e36ce-VFS-iphonesimulator/all-product-headers.yaml -Xcc -iquote -Xcc /Users/expo/Library/Developer/Xcode/DerivedData/PTPerformance-cosprcndkloofvfariqpidjzmdiv/Build/Intermediates.noindex/PTPerformance.build/Debug-iphonesimulator/PTPerformance.build/PTPerformance-project-headers.hmap -Xcc -I/Users/expo/Library/Developer/Xcode/DerivedData/PTPerformance-cosprcndkloofvfariqpidjzmdiv/Build/Products/Debug-iphonesimulator/include -Xcc -I/Users/expo/Library/Developer/Xcode/DerivedData/PTPerformance-cosprcndkloofvfariqpidjzmdiv/Build/Intermediates.noindex/PTPerformance.build/Debug-iphonesimulator/PTPerformance.build/DerivedSources-normal/arm64 -Xcc -I/Users/expo/Library/Developer/Xcode/DerivedData/PTPerformance-cosprcndkloofvfariqpidjzmdiv/Build/Intermediates.noindex/PTPerformance.build/Debug-iphonesimulator/PTPerformance.build/DerivedSources/arm64 -Xcc -I/Users/expo/Library/Developer/Xcode/DerivedData/PTPerformance-cosprcndkloofvfariqpidjzmdiv/Build/Intermediates.noindex/PTPerformance.build/Debug-iphonesimulator/PTPerformance.build/DerivedSources -Xcc -DDEBUG\=1 -emit-objc-header -emit-objc-header-path /Users/expo/Library/Developer/Xcode/DerivedData/PTPerformance-cosprcndkloofvfariqpidjzmdiv/Build/Intermediates.noindex/PTPerformance.build/Debug-iphonesimulator/PTPerformance.build/Objects-normal/arm64/PTPerformance-Swift.h -working-directory /Users/expo/Code/expo/ios-app/PTPerformance -experimental-emit-module-separately -disable-cmo
error: Build input file cannot be found: '/Users/expo/Code/expo/ios-app/PTPerformance/PTPerformance/Services/ReminderService.swift'. Did you forget to declare this file as an output of a script phase or custom build rule which produces it? (in target 'PTPerformance' from project 'PTPerformance')

CompileAssetCatalogVariant thinned /Users/expo/Library/Developer/Xcode/DerivedData/PTPerformance-cosprcndkloofvfariqpidjzmdiv/Build/Products/Debug-iphonesimulator/PTPerformance.app /Users/expo/Code/expo/ios-app/PTPerformance/Assets.xcassets (in target 'PTPerformance' from project 'PTPerformance')
    cd /Users/expo/Code/expo/ios-app/PTPerformance
    /Applications/Xcode.app/Contents/Developer/usr/bin/actool /Users/expo/Code/expo/ios-app/PTPerformance/Assets.xcassets --compile /Users/expo/Library/Developer/Xcode/DerivedData/PTPerformance-cosprcndkloofvfariqpidjzmdiv/Build/Intermediates.noindex/PTPerformance.build/Debug-iphonesimulator/PTPerformance.build/assetcatalog_output/thinned --output-format human-readable-text --notices --warnings --export-dependency-info /Users/expo/Library/Developer/Xcode/DerivedData/PTPerformance-cosprcndkloofvfariqpidjzmdiv/Build/Intermediates.noindex/PTPerformance.build/Debug-iphonesimulator/PTPerformance.build/assetcatalog_dependencies_thinned --output-partial-info-plist /Users/expo/Library/Developer/Xcode/DerivedData/PTPerformance-cosprcndkloofvfariqpidjzmdiv/Build/Intermediates.noindex/PTPerformance.build/Debug-iphonesimulator/PTPerformance.build/assetcatalog_generated_info.plist_thinned --app-icon AppIcon --accent-color AccentColor --compress-pngs --enable-on-demand-resources YES --filter-for-thinning-device-configuration iPhone18,1 --filter-for-device-os-version 26.1 --development-region en --target-device iphone --target-device ipad --minimum-deployment-target 17.0 --platform iphonesimulator

** BUILD FAILED **


The following build commands failed:
	SwiftDriver\ Compilation PTPerformance normal arm64 com.apple.xcode.tools.swift.compiler (in target 'PTPerformance' from project 'PTPerformance')
	SwiftDriver\ Compilation\ Requirements PTPerformance normal arm64 com.apple.xcode.tools.swift.compiler (in target 'PTPerformance' from project 'PTPerformance')
	Building project PTPerformance with scheme PTPerformance
(3 failures)
