Using workdir /Users/expo/Code/expo
Connecting to remote database...
Skipping migration 20251215140000_add_exercise_videos.sql.bak... (file name must match pattern "<timestamp>_name.sql")
Skipping migration 20251218000001_create_messaging_tables.sql.bak... (file name must match pattern "<timestamp>_name.sql")
Skipping migration 20251218000003_create_ai_conversations.sql.bak... (file name must match pattern "<timestamp>_name.sql")
Skipping migration supabase_build72_complete.log... (file name must match pattern "<timestamp>_name.sql")
Skipping migration supabase_build72_deploy5.log... (file name must match pattern "<timestamp>_name.sql")
Skipping migration supabase_build72_deploy6.log... (file name must match pattern "<timestamp>_name.sql")
Skipping migration supabase_build72_final.log... (file name must match pattern "<timestamp>_name.sql")
Skipping migration supabase_build72_success.log... (file name must match pattern "<timestamp>_name.sql")
Do you want to push these migrations to the remote database?
 • 20251220000001_validate_video_urls.sql
 • 20251220000002_adjustment_audit_log.sql
 • 20251220000003_adjustment_rls_policies.sql

 [Y/n] Y
Applying migration 20251220000001_validate_video_urls.sql...
NOTICE (00000): constraint "exercise_templates_video_url_check" of relation "exercise_templates" does not exist, skipping
ERROR: check constraint "exercise_templates_video_url_check" of relation "exercise_templates" is violated by some row (SQLSTATE 23514)
At statement: 5                                                                                                                       
-- Add constraint to validate video URLs                                                                                              
ALTER TABLE exercise_templates                                                                                                        
ADD CONSTRAINT exercise_templates_video_url_check                                                                                     
CHECK (validate_video_url(video_url))                                                                                                 
Try rerunning the command with --debug to troubleshoot the error.
