Using workdir /Users/expo/Code/expo
Connecting to remote database...
Skipping migration 20251215140000_add_exercise_videos.sql.bak... (file name must match pattern "<timestamp>_name.sql")
Skipping migration 20251218000001_create_messaging_tables.sql.bak... (file name must match pattern "<timestamp>_name.sql")
Skipping migration 20251218000003_create_ai_conversations.sql.bak... (file name must match pattern "<timestamp>_name.sql")
Skipping migration supabase_build72_deploy5.log... (file name must match pattern "<timestamp>_name.sql")
Do you want to push these migrations to the remote database?
 • 20251219120003_create_readiness_adjustments_build69.sql
 • 20251220000001_create_readiness_adjustments.sql
 • 20251220000001_validate_video_urls.sql
 • 20251220000002_adjustment_audit_log.sql
 • 20251220000003_adjustment_rls_policies.sql

 [Y/n] Y
Applying migration 20251219120003_create_readiness_adjustments_build69.sql...
Applying migration 20251220000001_create_readiness_adjustments.sql...
NOTICE (42P07): relation "readiness_adjustments" already exists, skipping
ERROR: relation "idx_readiness_adjustments_patient_id" already exists (SQLSTATE 42P07)       
At statement: 2                                                                              
-- Indexes for performance                                                                   
CREATE INDEX idx_readiness_adjustments_patient_id ON public.readiness_adjustments(patient_id)
Try rerunning the command with --debug to troubleshoot the error.
